<?xml version="1.0" encoding="UTF-8"?>
<testsuite xmlns:xsi="http://www.w3.org/2001/XMLSchema-instance" xsi:noNamespaceSchemaLocation="https://maven.apache.org/surefire/maven-surefire-plugin/xsd/surefire-test-report-3.0.xsd" version="3.0" name="TestSuite" time="610.414" tests="3" errors="0" skipped="1" failures="2">
  <properties>
[...]
</properties>
  <testcase name="setup[chrome](0)" classname="testCases.TC_Login" time="608.681">
    <failure message="session not created&#10;from timeout: Timed out receiving message from renderer: 600.000&#10;  (Session info: chrome=87.0.4280.88)&#10;Build info: version: &apos;3.141.59&apos;, revision: &apos;e82be7d358&apos;, time: &apos;2018-11-14T08:17:03&apos;&#10;System info: host: &apos;L31286WIN&apos;, ip: &apos;192.168.1.10&apos;, os.name: &apos;Windows 10&apos;, os.arch: &apos;amd64&apos;, os.version: &apos;10.0&apos;, java.version: &apos;1.8.0_202&apos;&#10;Driver info: driver.version: ChromeDriver&#10;remote stacktrace: Backtrace:&#10;	Ordinal0 [0x0113C0C3+3326147]&#10;	Ordinal0 [0x01020851+2164817]&#10;	Ordinal0 [0x00EA7298+619160]&#10;	Ordinal0 [0x00E9B17F+569727]&#10;	Ordinal0 [0x00E9A421+566305]&#10;	Ordinal0 [0x00E9A815+567317]&#10;	Ordinal0 [0x00E9A135+565557]&#10;	Ordinal0 [0x00EA38B1+604337]&#10;	Ordinal0 [0x00E9A0F1+565489]&#10;	Ordinal0 [0x00E9AEA2+568994]&#10;	Ordinal0 [0x00E9A421+566305]&#10;	Ordinal0 [0x00E9A815+567317]&#10;	Ordinal0 [0x00E9A135+565557]&#10;	Ordinal0 [0x00EA1D2C+597292]&#10;	Ordinal0 [0x00E9A0F1+565489]&#10;	Ordinal0 [0x00E9AEA2+568994]&#10;	Ordinal0 [0x00E9A421+566305]&#10;	Ordinal0 [0x00E9A815+567317]&#10;	Ordinal0 [0x00E9A135+565557]&#10;	Ordinal0 [0x00E9FE62+589410]&#10;	Ordinal0 [0x00E9A0F1+565489]&#10;	Ordinal0 [0x00E9AEA2+568994]&#10;	Ordinal0 [0x00E9A421+566305]&#10;	Ordinal0 [0x00E9A815+567317]&#10;	Ordinal0 [0x00E9A135+565557]&#10;	Ordinal0 [0x00E9F075+585845]&#10;	Ordinal0 [0x00E9A0F1+565489]&#10;	Ordinal0 [0x00E9AEA2+568994]&#10;	Ordinal0 [0x00E9A421+566305]&#10;	Ordinal0 [0x00E9A815+567317]&#10;	Ordinal0 [0x00E9A135+565557]&#10;	Ordinal0 [0x00E96776+550774]&#10;	Ordinal0 [0x00E9A0F1+565489]&#10;	Ordinal0 [0x00E99F13+565011]&#10;	Ordinal0 [0x00E99D07+564487]&#10;	Ordinal0 [0x00EA82C0+623296]&#10;	Ordinal0 [0x00E46BDD+224221]&#10;	Ordinal0 [0x00E45CAC+220332]&#10;	Ordinal0 [0x00E4189B+202907]&#10;	Ordinal0 [0x00E23DF4+81396]&#10;	Ordinal0 [0x00E24DEE+85486]&#10;	Ordinal0 [0x00E24D79+85369]&#10;	Ordinal0 [0x010385DC+2262492]&#10;	GetHandleVerifier [0x012C2874+1487204]&#10;	GetHandleVerifier [0x012C23CD+1486013]&#10;	GetHandleVerifier [0x012CA368+1518680]&#10;	GetHandleVerifier [0x012C2F4E+1488958]&#10;	Ordinal0 [0x0102ED0D+2223373]&#10;	Ordinal0 [0x0103A12B+2269483]&#10;	Ordinal0 [0x0103A26F+2269807]&#10;	Ordinal0 [0x0104ECB8+2354360]&#10;	BaseThreadInitThunk [0x76B6FA29+25]&#10;	RtlGetAppContainerNamedObjectPath [0x771C75F4+228]&#10;	RtlGetAppContainerNamedObjectPath [0x771C75C4+180]&#10;" type="org.openqa.selenium.SessionNotCreatedException"><![CDATA[org.openqa.selenium.SessionNotCreatedException: 
session not created
from timeout: Timed out receiving message from renderer: 600.000
  (Session info: chrome=87.0.4280.88)
Build info: version: '3.141.59', revision: 'e82be7d358', time: '2018-11-14T08:17:03'
System info: host: 'L31286WIN', ip: '192.168.1.10', os.name: 'Windows 10', os.arch: 'amd64', os.version: '10.0', java.version: '1.8.0_202'
Driver info: driver.version: ChromeDriver
remote stacktrace: Backtrace:
	Ordinal0 [0x0113C0C3+3326147]
	Ordinal0 [0x01020851+2164817]
	Ordinal0 [0x00EA7298+619160]
	Ordinal0 [0x00E9B17F+569727]
	Ordinal0 [0x00E9A421+566305]
	Ordinal0 [0x00E9A815+567317]
	Ordinal0 [0x00E9A135+565557]
	Ordinal0 [0x00EA38B1+604337]
	Ordinal0 [0x00E9A0F1+565489]
	Ordinal0 [0x00E9AEA2+568994]
	Ordinal0 [0x00E9A421+566305]
	Ordinal0 [0x00E9A815+567317]
	Ordinal0 [0x00E9A135+565557]
	Ordinal0 [0x00EA1D2C+597292]
	Ordinal0 [0x00E9A0F1+565489]
	Ordinal0 [0x00E9AEA2+568994]
	Ordinal0 [0x00E9A421+566305]
	Ordinal0 [0x00E9A815+567317]
	Ordinal0 [0x00E9A135+565557]
	Ordinal0 [0x00E9FE62+589410]
	Ordinal0 [0x00E9A0F1+565489]
	Ordinal0 [0x00E9AEA2+568994]
	Ordinal0 [0x00E9A421+566305]
	Ordinal0 [0x00E9A815+567317]
	Ordinal0 [0x00E9A135+565557]
	Ordinal0 [0x00E9F075+585845]
	Ordinal0 [0x00E9A0F1+565489]
	Ordinal0 [0x00E9AEA2+568994]
	Ordinal0 [0x00E9A421+566305]
	Ordinal0 [0x00E9A815+567317]
	Ordinal0 [0x00E9A135+565557]
	Ordinal0 [0x00E96776+550774]
	Ordinal0 [0x00E9A0F1+565489]
	Ordinal0 [0x00E99F13+565011]
	Ordinal0 [0x00E99D07+564487]
	Ordinal0 [0x00EA82C0+623296]
	Ordinal0 [0x00E46BDD+224221]
	Ordinal0 [0x00E45CAC+220332]
	Ordinal0 [0x00E4189B+202907]
	Ordinal0 [0x00E23DF4+81396]
	Ordinal0 [0x00E24DEE+85486]
	Ordinal0 [0x00E24D79+85369]
	Ordinal0 [0x010385DC+2262492]
	GetHandleVerifier [0x012C2874+1487204]
	GetHandleVerifier [0x012C23CD+1486013]
	GetHandleVerifier [0x012CA368+1518680]
	GetHandleVerifier [0x012C2F4E+1488958]
	Ordinal0 [0x0102ED0D+2223373]
	Ordinal0 [0x0103A12B+2269483]
	Ordinal0 [0x0103A26F+2269807]
	Ordinal0 [0x0104ECB8+2354360]
	BaseThreadInitThunk [0x76B6FA29+25]
	RtlGetAppContainerNamedObjectPath [0x771C75F4+228]
	RtlGetAppContainerNamedObjectPath [0x771C75C4+180]

]]></failure>
    <system-err><![CDATA[Starting ChromeDriver 87.0.4280.88 (89e2380a3e36c3464b5dd1302349b1382549290d-refs/branch-heads/4280@{#1761}) on port 19079
Only local connections are allowed.
Please see https://chromedriver.chromium.org/security-considerations for suggestions on keeping ChromeDriver safe.
ChromeDriver was started successfully.
[1613231783.196][SEVERE]: Timed out receiving message from renderer: 600.000
]]></system-err>
  </testcase>
  <testcase name="loginTest" classname="testCases.TC_Login" time="0">
    <skipped message="session not created&#10;from timeout: Timed out receiving message from renderer: 600.000&#10;  (Session info: chrome=87.0.4280.88)&#10;Build info: version: &apos;3.141.59&apos;, revision: &apos;e82be7d358&apos;, time: &apos;2018-11-14T08:17:03&apos;&#10;System info: host: &apos;L31286WIN&apos;, ip: &apos;192.168.1.10&apos;, os.name: &apos;Windows 10&apos;, os.arch: &apos;amd64&apos;, os.version: &apos;10.0&apos;, java.version: &apos;1.8.0_202&apos;&#10;Driver info: driver.version: ChromeDriver&#10;remote stacktrace: Backtrace:&#10;	Ordinal0 [0x0113C0C3+3326147]&#10;	Ordinal0 [0x01020851+2164817]&#10;	Ordinal0 [0x00EA7298+619160]&#10;	Ordinal0 [0x00E9B17F+569727]&#10;	Ordinal0 [0x00E9A421+566305]&#10;	Ordinal0 [0x00E9A815+567317]&#10;	Ordinal0 [0x00E9A135+565557]&#10;	Ordinal0 [0x00EA38B1+604337]&#10;	Ordinal0 [0x00E9A0F1+565489]&#10;	Ordinal0 [0x00E9AEA2+568994]&#10;	Ordinal0 [0x00E9A421+566305]&#10;	Ordinal0 [0x00E9A815+567317]&#10;	Ordinal0 [0x00E9A135+565557]&#10;	Ordinal0 [0x00EA1D2C+597292]&#10;	Ordinal0 [0x00E9A0F1+565489]&#10;	Ordinal0 [0x00E9AEA2+568994]&#10;	Ordinal0 [0x00E9A421+566305]&#10;	Ordinal0 [0x00E9A815+567317]&#10;	Ordinal0 [0x00E9A135+565557]&#10;	Ordinal0 [0x00E9FE62+589410]&#10;	Ordinal0 [0x00E9A0F1+565489]&#10;	Ordinal0 [0x00E9AEA2+568994]&#10;	Ordinal0 [0x00E9A421+566305]&#10;	Ordinal0 [0x00E9A815+567317]&#10;	Ordinal0 [0x00E9A135+565557]&#10;	Ordinal0 [0x00E9F075+585845]&#10;	Ordinal0 [0x00E9A0F1+565489]&#10;	Ordinal0 [0x00E9AEA2+568994]&#10;	Ordinal0 [0x00E9A421+566305]&#10;	Ordinal0 [0x00E9A815+567317]&#10;	Ordinal0 [0x00E9A135+565557]&#10;	Ordinal0 [0x00E96776+550774]&#10;	Ordinal0 [0x00E9A0F1+565489]&#10;	Ordinal0 [0x00E99F13+565011]&#10;	Ordinal0 [0x00E99D07+564487]&#10;	Ordinal0 [0x00EA82C0+623296]&#10;	Ordinal0 [0x00E46BDD+224221]&#10;	Ordinal0 [0x00E45CAC+220332]&#10;	Ordinal0 [0x00E4189B+202907]&#10;	Ordinal0 [0x00E23DF4+81396]&#10;	Ordinal0 [0x00E24DEE+85486]&#10;	Ordinal0 [0x00E24D79+85369]&#10;	Ordinal0 [0x010385DC+2262492]&#10;	GetHandleVerifier [0x012C2874+1487204]&#10;	GetHandleVerifier [0x012C23CD+1486013]&#10;	GetHandleVerifier [0x012CA368+1518680]&#10;	GetHandleVerifier [0x012C2F4E+1488958]&#10;	Ordinal0 [0x0102ED0D+2223373]&#10;	Ordinal0 [0x0103A12B+2269483]&#10;	Ordinal0 [0x0103A26F+2269807]&#10;	Ordinal0 [0x0104ECB8+2354360]&#10;	BaseThreadInitThunk [0x76B6FA29+25]&#10;	RtlGetAppContainerNamedObjectPath [0x771C75F4+228]&#10;	RtlGetAppContainerNamedObjectPath [0x771C75C4+180]&#10;"/>
  </testcase>
  <testcase name="tearDown" classname="testCases.TC_Login" time="1.312">
    <failure type="java.lang.NullPointerException"><![CDATA[java.lang.NullPointerException
]]></failure>
  </testcase>
</testsuite>